Adris-Laptop
/home/grauvi/TFG/Joan-main/work
Tue Apr 30 18:56:35 CEST 2024
../src/entrena.py -x conf/mod_ls.py,conf/topos.py -E 'lotesLS("./Prm", "./Trn", "./Lis/fonemas.lis", 10, "./Gui/train-clean-100.gui")' -D 'lotesLS("./Prm", "./Trn", "./Lis/fonemas.lis", 1, "./Gui/dev-clean.gui")' -M 'ModLS(ficLisUni="./Lis/fonemas.lis", red=DeepSpeech(n_feature=numCof, n_hidden=512, n_class=tamVoc), Optim=lambda params: torch.optim.Adam(params, lr=1e-3, betas=(0.99, 0.999)), ficLog="./Evo/adam.uno.10.DS.512.Adam.1e-3.99.999.evo", device="cuda")' -e 10 -v 10
Carga de las transcripciones de ('./Gui/train-clean-100.gui',) (30/Apr/24 18:56:40):
100%|==========| 28538/28538 [01:38<00:00, 288.78it/s]
Carga de las transcripciones de ('./Gui/dev-clean.gui',) (30/Apr/24 18:58:19):
100%|==========| 2703/2703 [00:05<00:00, 457.67it/s]
Inicio de 10 épocas de entrenamiento (30/Apr/24 18:58:26):
epo=0.1	self.lr=-1.0	self.loss=1.5927	self.corr=52.03%	(30/Apr/24 19:34:16)
epo=0.2	self.lr=-1.0	self.loss=1.3202	self.corr=59.58%	(30/Apr/24 20:08:46)
epo=0.3	self.lr=-1.0	self.loss=1.1625	self.corr=64.10%	(30/Apr/24 20:42:42)
epo=0.4	self.lr=-1.0	self.loss=1.0523	self.corr=67.19%	(30/Apr/24 21:16:44)
epo=0.5	self.lr=-1.0	self.loss=0.9816	self.corr=69.32%	(30/Apr/24 21:50:35)
epo=0.6	self.lr=-1.0	self.loss=0.9682	self.corr=69.77%	(30/Apr/24 22:24:38)
epo=0.7	self.lr=-1.0	self.loss=0.9003	self.corr=71.80%	(30/Apr/24 22:58:53)
epo=0.8	self.lr=-1.0	self.loss=0.8799	self.corr=72.50%	(30/Apr/24 23:32:41)
epo=0.9	self.lr=-1.0	self.loss=0.8598	self.corr=72.90%	(01/May/24 00:07:05)
100%|==========| 2853/2853 [5:39:12<00:00,  7.13s/it]
100%|==========| 2703/2703 [03:03<00:00, 14.71it/s]
epo=1	self.lr=-1.0	self.loss=0.8246	self.corr=74.07%	(01/May/24 00:40:42)
epo=1.1	self.lr=-1.0	self.loss=0.8206	self.corr=74.31%	(01/May/24 01:14:45)
epo=1.2	self.lr=-1.0	self.loss=0.7902	self.corr=75.17%	(01/May/24 01:47:56)
epo=1.3	self.lr=-1.0	self.loss=0.7861	self.corr=75.30%	(01/May/24 02:21:32)
epo=1.4	self.lr=-1.0	self.loss=0.7610	self.corr=76.01%	(01/May/24 02:55:16)
epo=1.5	self.lr=-1.0	self.loss=0.7728	self.corr=75.76%	(01/May/24 03:29:02)
epo=1.6	self.lr=-1.0	self.loss=0.7512	self.corr=76.25%	(01/May/24 04:02:28)
epo=1.7	self.lr=-1.0	self.loss=0.7404	self.corr=76.68%	(01/May/24 04:35:49)
 78%|=======>  | 2230/2853 [4:20:07<1:06:54,  6.44s/it]